2023-03-02 18:55:19,162 [Worker-4: Loading available Gradle versions] INFO  o.e.b.c.i.u.g.PublishedGradleVersions - Gradle version information cache is out-of-date. Trying to update.
2023-03-03 08:43:40,106 [Worker-0: Loading available Gradle versions] INFO  o.e.b.c.i.u.g.PublishedGradleVersions - Gradle version information cache is up-to-date. Trying to read.
2023-03-03 11:27:17,106 [Worker-0: Loading available Gradle versions] INFO  o.e.b.c.i.u.g.PublishedGradleVersions - Gradle version information cache is up-to-date. Trying to read.
2023-03-07 21:34:05,071 [Worker-0: Loading available Gradle versions] INFO  o.e.b.c.i.u.g.PublishedGradleVersions - Gradle version information cache is up-to-date. Trying to read.
2023-03-08 21:38:27,084 [Worker-2: Loading available Gradle versions] INFO  o.e.b.c.i.u.g.PublishedGradleVersions - Gradle version information cache is out-of-date. Trying to update.
2023-03-09 21:27:54,639 [Worker-3: Loading available Gradle versions] INFO  o.e.b.c.i.u.g.PublishedGradleVersions - Gradle version information cache is up-to-date. Trying to read.
2023-03-10 21:27:18,068 [Worker-1: Loading available Gradle versions] INFO  o.e.b.c.i.u.g.PublishedGradleVersions - Gradle version information cache is up-to-date. Trying to read.
2023-03-11 11:59:19,951 [Worker-0: Loading available Gradle versions] INFO  o.e.b.c.i.u.g.PublishedGradleVersions - Gradle version information cache is up-to-date. Trying to read.
2023-03-13 20:06:24,068 [Worker-2: Loading available Gradle versions] INFO  o.e.b.c.i.u.g.PublishedGradleVersions - Gradle version information cache is out-of-date. Trying to update.
2023-03-13 21:30:19,062 [Worker-0: Loading available Gradle versions] INFO  o.e.b.c.i.u.g.PublishedGradleVersions - Gradle version information cache is up-to-date. Trying to read.
2023-03-13 21:41:00,877 [Worker-2: Loading available Gradle versions] INFO  o.e.b.c.i.u.g.PublishedGradleVersions - Gradle version information cache is up-to-date. Trying to read.
2023-03-14 21:34:44,170 [Worker-3: Loading available Gradle versions] INFO  o.e.b.c.i.u.g.PublishedGradleVersions - Gradle version information cache is out-of-date. Trying to update.
2023-03-16 21:41:26,627 [Worker-1: Loading available Gradle versions] INFO  o.e.b.c.i.u.g.PublishedGradleVersions - Gradle version information cache is up-to-date. Trying to read.
2023-03-17 21:37:25,902 [Worker-3: Loading available Gradle versions] INFO  o.e.b.c.i.u.g.PublishedGradleVersions - Gradle version information cache is out-of-date. Trying to update.
2023-03-21 19:08:42,735 [Worker-3: Loading available Gradle versions] INFO  o.e.b.c.i.u.g.PublishedGradleVersions - Gradle version information cache is out-of-date. Trying to update.
2023-03-21 21:37:09,709 [Worker-0: Loading available Gradle versions] INFO  o.e.b.c.i.u.g.PublishedGradleVersions - Gradle version information cache is up-to-date. Trying to read.
2023-03-22 21:45:57,840 [Worker-0: Loading available Gradle versions] INFO  o.e.b.c.i.u.g.PublishedGradleVersions - Gradle version information cache is up-to-date. Trying to read.
2023-03-23 16:00:01,424 [Worker-0: Loading available Gradle versions] INFO  o.e.b.c.i.u.g.PublishedGradleVersions - Gradle version information cache is up-to-date. Trying to read.
2023-03-23 21:35:57,578 [Worker-1: Loading available Gradle versions] INFO  o.e.b.c.i.u.g.PublishedGradleVersions - Gradle version information cache is out-of-date. Trying to update.
2023-03-24 21:27:13,736 [Worker-1: Loading available Gradle versions] INFO  o.e.b.c.i.u.g.PublishedGradleVersions - Gradle version information cache is up-to-date. Trying to read.
2023-03-28 21:34:50,804 [Worker-1: Loading available Gradle versions] INFO  o.e.b.c.i.u.g.PublishedGradleVersions - Gradle version information cache is out-of-date. Trying to update.
2023-03-29 19:12:10,138 [Worker-1: Loading available Gradle versions] INFO  o.e.b.c.i.u.g.PublishedGradleVersions - Gradle version information cache is up-to-date. Trying to read.
2023-03-29 21:34:19,737 [Worker-1: Loading available Gradle versions] INFO  o.e.b.c.i.u.g.PublishedGradleVersions - Gradle version information cache is up-to-date. Trying to read.
2023-04-01 22:09:48,952 [Worker-3: Loading available Gradle versions] INFO  o.e.b.c.i.u.g.PublishedGradleVersions - Gradle version information cache is out-of-date. Trying to update.
2023-04-01 22:16:50,372 [Worker-10: Launching mavenrun-a6ed5fc8-8297-4fdc-9d95-11fd9ce32cb5] INFO  o.eclipse.m2e.core.internal.Bundles - getClasspathEntries(Bundle=org.eclipse.m2e.maven.runtime_3.8.604.20221130-2149 [345])
2023-04-01 22:16:50,392 [Worker-10: Launching mavenrun-a6ed5fc8-8297-4fdc-9d95-11fd9ce32cb5] INFO  o.eclipse.m2e.core.internal.Bundles - 	Entry: D:\Installation\sts-4.17.1.RELEASE\plugins\org.eclipse.m2e.maven.runtime_3.8.604.20221130-2149
2023-04-01 22:16:50,392 [Worker-10: Launching mavenrun-a6ed5fc8-8297-4fdc-9d95-11fd9ce32cb5] INFO  o.eclipse.m2e.core.internal.Bundles - 	Entry: D:\Installation\sts-4.17.1.RELEASE\plugins\org.eclipse.m2e.maven.runtime_3.8.604.20221130-2149\jars\aether-connector-okhttp-0.17.8.jar
2023-04-01 22:16:50,392 [Worker-10: Launching mavenrun-a6ed5fc8-8297-4fdc-9d95-11fd9ce32cb5] INFO  o.eclipse.m2e.core.internal.Bundles - 	Entry: D:\Installation\sts-4.17.1.RELEASE\plugins\org.eclipse.m2e.maven.runtime_3.8.604.20221130-2149\jars\commons-cli-1.4.jar
2023-04-01 22:16:50,392 [Worker-10: Launching mavenrun-a6ed5fc8-8297-4fdc-9d95-11fd9ce32cb5] INFO  o.eclipse.m2e.core.internal.Bundles - 	Entry: D:\Installation\sts-4.17.1.RELEASE\plugins\org.eclipse.m2e.maven.runtime_3.8.604.20221130-2149\jars\commons-io-2.6.jar
2023-04-01 22:16:50,392 [Worker-10: Launching mavenrun-a6ed5fc8-8297-4fdc-9d95-11fd9ce32cb5] INFO  o.eclipse.m2e.core.internal.Bundles - 	Entry: D:\Installation\sts-4.17.1.RELEASE\plugins\org.eclipse.m2e.maven.runtime_3.8.604.20221130-2149\jars\commons-lang3-3.8.1.jar
2023-04-01 22:16:50,392 [Worker-10: Launching mavenrun-a6ed5fc8-8297-4fdc-9d95-11fd9ce32cb5] INFO  o.eclipse.m2e.core.internal.Bundles - 	Entry: D:\Installation\sts-4.17.1.RELEASE\plugins\org.eclipse.m2e.maven.runtime_3.8.604.20221130-2149\jars\guice-4.2.2-no_aop.jar
2023-04-01 22:16:50,392 [Worker-10: Launching mavenrun-a6ed5fc8-8297-4fdc-9d95-11fd9ce32cb5] INFO  o.eclipse.m2e.core.internal.Bundles - 	Entry: D:\Installation\sts-4.17.1.RELEASE\plugins\org.eclipse.m2e.maven.runtime_3.8.604.20221130-2149\jars\jansi-2.4.0.jar
2023-04-01 22:16:50,393 [Worker-10: Launching mavenrun-a6ed5fc8-8297-4fdc-9d95-11fd9ce32cb5] INFO  o.eclipse.m2e.core.internal.Bundles - 	Entry: D:\Installation\sts-4.17.1.RELEASE\plugins\org.eclipse.m2e.maven.runtime_3.8.604.20221130-2149\jars\maven-artifact-3.8.6.jar
2023-04-01 22:16:50,393 [Worker-10: Launching mavenrun-a6ed5fc8-8297-4fdc-9d95-11fd9ce32cb5] INFO  o.eclipse.m2e.core.internal.Bundles - 	Entry: D:\Installation\sts-4.17.1.RELEASE\plugins\org.eclipse.m2e.maven.runtime_3.8.604.20221130-2149\jars\maven-builder-support-3.8.6.jar
2023-04-01 22:16:50,393 [Worker-10: Launching mavenrun-a6ed5fc8-8297-4fdc-9d95-11fd9ce32cb5] INFO  o.eclipse.m2e.core.internal.Bundles - 	Entry: D:\Installation\sts-4.17.1.RELEASE\plugins\org.eclipse.m2e.maven.runtime_3.8.604.20221130-2149\jars\maven-compat-3.8.6.jar
2023-04-01 22:16:50,393 [Worker-10: Launching mavenrun-a6ed5fc8-8297-4fdc-9d95-11fd9ce32cb5] INFO  o.eclipse.m2e.core.internal.Bundles - 	Entry: D:\Installation\sts-4.17.1.RELEASE\plugins\org.eclipse.m2e.maven.runtime_3.8.604.20221130-2149\jars\maven-core-3.8.6.jar
2023-04-01 22:16:50,393 [Worker-10: Launching mavenrun-a6ed5fc8-8297-4fdc-9d95-11fd9ce32cb5] INFO  o.eclipse.m2e.core.internal.Bundles - 	Entry: D:\Installation\sts-4.17.1.RELEASE\plugins\org.eclipse.m2e.maven.runtime_3.8.604.20221130-2149\jars\maven-embedder-3.8.6.jar
2023-04-01 22:16:50,394 [Worker-10: Launching mavenrun-a6ed5fc8-8297-4fdc-9d95-11fd9ce32cb5] INFO  o.eclipse.m2e.core.internal.Bundles - 	Entry: D:\Installation\sts-4.17.1.RELEASE\plugins\org.eclipse.m2e.maven.runtime_3.8.604.20221130-2149\jars\maven-model-3.8.6.jar
2023-04-01 22:16:50,394 [Worker-10: Launching mavenrun-a6ed5fc8-8297-4fdc-9d95-11fd9ce32cb5] INFO  o.eclipse.m2e.core.internal.Bundles - 	Entry: D:\Installation\sts-4.17.1.RELEASE\plugins\org.eclipse.m2e.maven.runtime_3.8.604.20221130-2149\jars\maven-model-builder-3.8.6.jar
2023-04-01 22:16:50,394 [Worker-10: Launching mavenrun-a6ed5fc8-8297-4fdc-9d95-11fd9ce32cb5] INFO  o.eclipse.m2e.core.internal.Bundles - 	Entry: D:\Installation\sts-4.17.1.RELEASE\plugins\org.eclipse.m2e.maven.runtime_3.8.604.20221130-2149\jars\maven-plugin-api-3.8.6.jar
2023-04-01 22:16:50,394 [Worker-10: Launching mavenrun-a6ed5fc8-8297-4fdc-9d95-11fd9ce32cb5] INFO  o.eclipse.m2e.core.internal.Bundles - 	Entry: D:\Installation\sts-4.17.1.RELEASE\plugins\org.eclipse.m2e.maven.runtime_3.8.604.20221130-2149\jars\maven-repository-metadata-3.8.6.jar
2023-04-01 22:16:50,394 [Worker-10: Launching mavenrun-a6ed5fc8-8297-4fdc-9d95-11fd9ce32cb5] INFO  o.eclipse.m2e.core.internal.Bundles - 	Entry: D:\Installation\sts-4.17.1.RELEASE\plugins\org.eclipse.m2e.maven.runtime_3.8.604.20221130-2149\jars\maven-resolver-api-1.6.3.jar
2023-04-01 22:16:50,395 [Worker-10: Launching mavenrun-a6ed5fc8-8297-4fdc-9d95-11fd9ce32cb5] INFO  o.eclipse.m2e.core.internal.Bundles - 	Entry: D:\Installation\sts-4.17.1.RELEASE\plugins\org.eclipse.m2e.maven.runtime_3.8.604.20221130-2149\jars\maven-resolver-connector-basic-1.6.3.jar
2023-04-01 22:16:50,395 [Worker-10: Launching mavenrun-a6ed5fc8-8297-4fdc-9d95-11fd9ce32cb5] INFO  o.eclipse.m2e.core.internal.Bundles - 	Entry: D:\Installation\sts-4.17.1.RELEASE\plugins\org.eclipse.m2e.maven.runtime_3.8.604.20221130-2149\jars\maven-resolver-impl-1.6.3.jar
2023-04-01 22:16:50,395 [Worker-10: Launching mavenrun-a6ed5fc8-8297-4fdc-9d95-11fd9ce32cb5] INFO  o.eclipse.m2e.core.internal.Bundles - 	Entry: D:\Installation\sts-4.17.1.RELEASE\plugins\org.eclipse.m2e.maven.runtime_3.8.604.20221130-2149\jars\maven-resolver-provider-3.8.6.jar
2023-04-01 22:16:50,395 [Worker-10: Launching mavenrun-a6ed5fc8-8297-4fdc-9d95-11fd9ce32cb5] INFO  o.eclipse.m2e.core.internal.Bundles - 	Entry: D:\Installation\sts-4.17.1.RELEASE\plugins\org.eclipse.m2e.maven.runtime_3.8.604.20221130-2149\jars\maven-resolver-spi-1.6.3.jar
2023-04-01 22:16:50,395 [Worker-10: Launching mavenrun-a6ed5fc8-8297-4fdc-9d95-11fd9ce32cb5] INFO  o.eclipse.m2e.core.internal.Bundles - 	Entry: D:\Installation\sts-4.17.1.RELEASE\plugins\org.eclipse.m2e.maven.runtime_3.8.604.20221130-2149\jars\maven-resolver-transport-wagon-1.6.3.jar
2023-04-01 22:16:50,395 [Worker-10: Launching mavenrun-a6ed5fc8-8297-4fdc-9d95-11fd9ce32cb5] INFO  o.eclipse.m2e.core.internal.Bundles - 	Entry: D:\Installation\sts-4.17.1.RELEASE\plugins\org.eclipse.m2e.maven.runtime_3.8.604.20221130-2149\jars\maven-resolver-util-1.6.3.jar
2023-04-01 22:16:50,395 [Worker-10: Launching mavenrun-a6ed5fc8-8297-4fdc-9d95-11fd9ce32cb5] INFO  o.eclipse.m2e.core.internal.Bundles - 	Entry: D:\Installation\sts-4.17.1.RELEASE\plugins\org.eclipse.m2e.maven.runtime_3.8.604.20221130-2149\jars\maven-settings-3.8.6.jar
2023-04-01 22:16:50,396 [Worker-10: Launching mavenrun-a6ed5fc8-8297-4fdc-9d95-11fd9ce32cb5] INFO  o.eclipse.m2e.core.internal.Bundles - 	Entry: D:\Installation\sts-4.17.1.RELEASE\plugins\org.eclipse.m2e.maven.runtime_3.8.604.20221130-2149\jars\maven-settings-builder-3.8.6.jar
2023-04-01 22:16:50,396 [Worker-10: Launching mavenrun-a6ed5fc8-8297-4fdc-9d95-11fd9ce32cb5] INFO  o.eclipse.m2e.core.internal.Bundles - 	Entry: D:\Installation\sts-4.17.1.RELEASE\plugins\org.eclipse.m2e.maven.runtime_3.8.604.20221130-2149\jars\maven-shared-utils-3.3.4.jar
2023-04-01 22:16:50,396 [Worker-10: Launching mavenrun-a6ed5fc8-8297-4fdc-9d95-11fd9ce32cb5] INFO  o.eclipse.m2e.core.internal.Bundles - 	Entry: D:\Installation\sts-4.17.1.RELEASE\plugins\org.eclipse.m2e.maven.runtime_3.8.604.20221130-2149\jars\okhttp-3.14.1.jar
2023-04-01 22:16:50,396 [Worker-10: Launching mavenrun-a6ed5fc8-8297-4fdc-9d95-11fd9ce32cb5] INFO  o.eclipse.m2e.core.internal.Bundles - 	Entry: D:\Installation\sts-4.17.1.RELEASE\plugins\org.eclipse.m2e.maven.runtime_3.8.604.20221130-2149\jars\okio-1.17.3.jar
2023-04-01 22:16:50,396 [Worker-10: Launching mavenrun-a6ed5fc8-8297-4fdc-9d95-11fd9ce32cb5] INFO  o.eclipse.m2e.core.internal.Bundles - 	Entry: D:\Installation\sts-4.17.1.RELEASE\plugins\org.eclipse.m2e.maven.runtime_3.8.604.20221130-2149\jars\org.eclipse.sisu.inject-0.3.5.jar
2023-04-01 22:16:50,396 [Worker-10: Launching mavenrun-a6ed5fc8-8297-4fdc-9d95-11fd9ce32cb5] INFO  o.eclipse.m2e.core.internal.Bundles - 	Entry: D:\Installation\sts-4.17.1.RELEASE\plugins\org.eclipse.m2e.maven.runtime_3.8.604.20221130-2149\jars\org.eclipse.sisu.plexus-0.3.5.jar
2023-04-01 22:16:50,397 [Worker-10: Launching mavenrun-a6ed5fc8-8297-4fdc-9d95-11fd9ce32cb5] INFO  o.eclipse.m2e.core.internal.Bundles - 	Entry: D:\Installation\sts-4.17.1.RELEASE\plugins\org.eclipse.m2e.maven.runtime_3.8.604.20221130-2149\jars\plexus-build-api-0.0.7.jar
2023-04-01 22:16:50,397 [Worker-10: Launching mavenrun-a6ed5fc8-8297-4fdc-9d95-11fd9ce32cb5] INFO  o.eclipse.m2e.core.internal.Bundles - 	Entry: D:\Installation\sts-4.17.1.RELEASE\plugins\org.eclipse.m2e.maven.runtime_3.8.604.20221130-2149\jars\plexus-cipher-2.0.jar
2023-04-01 22:16:50,397 [Worker-10: Launching mavenrun-a6ed5fc8-8297-4fdc-9d95-11fd9ce32cb5] INFO  o.eclipse.m2e.core.internal.Bundles - 	Entry: D:\Installation\sts-4.17.1.RELEASE\plugins\org.eclipse.m2e.maven.runtime_3.8.604.20221130-2149\jars\plexus-classworlds-2.6.0.jar
2023-04-01 22:16:50,397 [Worker-10: Launching mavenrun-a6ed5fc8-8297-4fdc-9d95-11fd9ce32cb5] INFO  o.eclipse.m2e.core.internal.Bundles - 	Entry: D:\Installation\sts-4.17.1.RELEASE\plugins\org.eclipse.m2e.maven.runtime_3.8.604.20221130-2149\jars\plexus-component-annotations-2.1.0.jar
2023-04-01 22:16:50,397 [Worker-10: Launching mavenrun-a6ed5fc8-8297-4fdc-9d95-11fd9ce32cb5] INFO  o.eclipse.m2e.core.internal.Bundles - 	Entry: D:\Installation\sts-4.17.1.RELEASE\plugins\org.eclipse.m2e.maven.runtime_3.8.604.20221130-2149\jars\plexus-interpolation-1.26.jar
2023-04-01 22:16:50,397 [Worker-10: Launching mavenrun-a6ed5fc8-8297-4fdc-9d95-11fd9ce32cb5] INFO  o.eclipse.m2e.core.internal.Bundles - 	Entry: D:\Installation\sts-4.17.1.RELEASE\plugins\org.eclipse.m2e.maven.runtime_3.8.604.20221130-2149\jars\plexus-sec-dispatcher-2.0.jar
2023-04-01 22:16:50,397 [Worker-10: Launching mavenrun-a6ed5fc8-8297-4fdc-9d95-11fd9ce32cb5] INFO  o.eclipse.m2e.core.internal.Bundles - 	Entry: D:\Installation\sts-4.17.1.RELEASE\plugins\org.eclipse.m2e.maven.runtime_3.8.604.20221130-2149\jars\plexus-utils-3.3.1.jar
2023-04-01 22:16:50,398 [Worker-10: Launching mavenrun-a6ed5fc8-8297-4fdc-9d95-11fd9ce32cb5] INFO  o.eclipse.m2e.core.internal.Bundles - 	Entry: D:\Installation\sts-4.17.1.RELEASE\plugins\org.eclipse.m2e.maven.runtime_3.8.604.20221130-2149\jars\wagon-file-3.5.1.jar
2023-04-01 22:16:50,398 [Worker-10: Launching mavenrun-a6ed5fc8-8297-4fdc-9d95-11fd9ce32cb5] INFO  o.eclipse.m2e.core.internal.Bundles - 	Entry: D:\Installation\sts-4.17.1.RELEASE\plugins\org.eclipse.m2e.maven.runtime_3.8.604.20221130-2149\jars\wagon-provider-api-3.5.1.jar
2023-04-01 22:16:50,400 [Worker-10: Launching mavenrun-a6ed5fc8-8297-4fdc-9d95-11fd9ce32cb5] INFO  o.eclipse.m2e.core.internal.Bundles - getClasspathEntries(Bundle=com.google.guava_30.1.0.v20221112-0806 [22])
2023-04-01 22:16:50,401 [Worker-10: Launching mavenrun-a6ed5fc8-8297-4fdc-9d95-11fd9ce32cb5] INFO  o.eclipse.m2e.core.internal.Bundles - 	Entry: D:\Installation\sts-4.17.1.RELEASE\plugins\com.google.guava_30.1.0.v20221112-0806.jar
2023-04-01 22:16:50,402 [Worker-10: Launching mavenrun-a6ed5fc8-8297-4fdc-9d95-11fd9ce32cb5] INFO  o.eclipse.m2e.core.internal.Bundles - getClasspathEntries(Bundle=slf4j.api_1.7.36 [584])
2023-04-01 22:16:50,402 [Worker-10: Launching mavenrun-a6ed5fc8-8297-4fdc-9d95-11fd9ce32cb5] INFO  o.eclipse.m2e.core.internal.Bundles - 	Entry: D:\Installation\sts-4.17.1.RELEASE\plugins\slf4j.api_1.7.36.jar
2023-04-01 22:16:50,402 [Worker-10: Launching mavenrun-a6ed5fc8-8297-4fdc-9d95-11fd9ce32cb5] INFO  o.eclipse.m2e.core.internal.Bundles - getClasspathEntries(Bundle=javax.inject_1.0.0.v20220405-0441 [49])
2023-04-01 22:16:50,403 [Worker-10: Launching mavenrun-a6ed5fc8-8297-4fdc-9d95-11fd9ce32cb5] INFO  o.eclipse.m2e.core.internal.Bundles - 	Entry: D:\Installation\sts-4.17.1.RELEASE\plugins\javax.inject_1.0.0.v20220405-0441.jar
2023-04-01 22:16:50,403 [Worker-10: Launching mavenrun-a6ed5fc8-8297-4fdc-9d95-11fd9ce32cb5] INFO  o.eclipse.m2e.core.internal.Bundles - getClasspathEntries(Bundle=javax.annotation_1.3.5.v20221112-0806 [47])
2023-04-01 22:16:50,404 [Worker-10: Launching mavenrun-a6ed5fc8-8297-4fdc-9d95-11fd9ce32cb5] INFO  o.eclipse.m2e.core.internal.Bundles - 	Entry: D:\Installation\sts-4.17.1.RELEASE\plugins\javax.annotation_1.3.5.v20221112-0806.jar
2023-04-01 22:16:50,415 [Worker-10: Launching mavenrun-a6ed5fc8-8297-4fdc-9d95-11fd9ce32cb5] INFO  o.e.m.i.launch.MavenLaunchDelegate - Run build in "C:\Users\Admin\AppData\Local\Temp\m2e-archetypeGenerator2281068825032709971":
2023-04-01 22:16:50,424 [Worker-10: Launching mavenrun-a6ed5fc8-8297-4fdc-9d95-11fd9ce32cb5] INFO  o.e.m.i.launch.MavenLaunchDelegate -  mvn  -DarchetypeGroupId=org.apache.maven.archetypes -DarchetypeArtifactId=maven-archetype-quickstart -DarchetypeVersion=1.4 -DgroupId=com.bytebrains -DartifactId=one-to-one-mapping -Dversion=0.0.1-SNAPSHOT -Dpackage=com.bytebrains -DoutputDirectory="G:\ByteBrains Technology 2023\JavaWorkspace" -Dstyle.color=always -U archetype:generate
2023-04-01 22:17:07,556 [Worker-2: Creating maven-archetype-quickstart] INFO  o.e.m.c.i.p.ProjectConfigurationManager - Collecting project info '/pom.xml' G:\ByteBrains Technology 2023\JavaWorkspace\one-to-one-mapping\pom.xml
2023-04-01 22:17:10,715 [Worker-2: Creating maven-archetype-quickstart] INFO  o.e.m.c.i.l.LifecycleMappingFactory - Using org.eclipse.m2e.jdt.JarLifecycleMapping lifecycle mapping for MavenProject: com.bytebrains:one-to-one-mapping:0.0.1-SNAPSHOT @ G:\ByteBrains Technology 2023\JavaWorkspace\one-to-one-mapping\pom.xml.
2023-04-01 22:17:12,517 [Worker-2: Creating maven-archetype-quickstart] INFO  o.e.m.j.i.AbstractJavaProjectConfigurator - Adding source folder /one-to-one-mapping/src/main/java
2023-04-01 22:17:12,528 [Worker-2: Creating maven-archetype-quickstart] INFO  o.e.m.j.i.AbstractJavaProjectConfigurator - Adding source folder /one-to-one-mapping/src/test/java
2023-04-01 22:17:13,056 [Worker-2: Creating maven-archetype-quickstart] INFO  o.e.m.c.i.p.ProjectConfigurationManager - Imported and configured 1 project(s) in 5 sec
2023-04-01 22:17:14,151 [Worker-5: Building] INFO  o.e.m.c.i.embedder.EclipseLogger - Using 'UTF-8' encoding to copy filtered resources.
2023-04-01 22:17:14,151 [Worker-5: Building] INFO  o.e.m.c.i.embedder.EclipseLogger - skip non existing resourceDirectory G:\ByteBrains Technology 2023\JavaWorkspace\one-to-one-mapping\src\main\resources
2023-04-01 22:17:14,154 [Worker-5: Building] INFO  o.e.m.c.i.embedder.EclipseLogger - Using 'UTF-8' encoding to copy filtered resources.
2023-04-01 22:17:14,154 [Worker-5: Building] INFO  o.e.m.c.i.embedder.EclipseLogger - skip non existing resourceDirectory G:\ByteBrains Technology 2023\JavaWorkspace\one-to-one-mapping\src\test\resources
